<?xml version="1.0" encoding="UTF-8"?>
<!-- Generated by org.testng.reporters.JUnitReportReporter -->
<testsuite hostname="LAPTOP-FC5LS0IK" failures="0" tests="1" name="testCases.TestClass" time="15.028" errors="0" timestamp="2024-07-05T16:19:53 IST" skipped="0">
  <testcase classname="testCases.TestClass" name="searchBooks" time="15.028"/>
</testsuite> <!-- testCases.TestClass -->
